The system is: Linux - 5.15.0-43-generic - x86_64
Compiling the C compiler identification source file "CMakeCCompilerId.c" succeeded.
Compiler: /home/bruno/anaconda3/bin/x86_64-conda-linux-gnu-cc 
Build flags: -march=nocona;-mtune=haswell;-ftree-vectorize;-fPIC;-fstack-protector-strong;-fno-plt;-O2;-ffunction-sections;-pipe;-isystem;/home/bruno/anaconda3/include
Id flags:  

The output was:
0


Compilation of the C compiler identification source "CMakeCCompilerId.c" produced "a.out"

The C compiler identification is GNU, found in "/home/bruno/Documents/internhsip/tileDataType/build/CMakeFiles/3.22.5/CompilerIdC/a.out"

Compiling the CXX compiler identification source file "CMakeCXXCompilerId.cpp" succeeded.
Compiler: /home/bruno/anaconda3/bin/x86_64-conda-linux-gnu-c++ 
Build flags: -fvisibility-inlines-hidden;-std=c++17;-fmessage-length=0;-march=nocona;-mtune=haswell;-ftree-vectorize;-fPIC;-fstack-protector-strong;-fno-plt;-O2;-ffunction-sections;-pipe;-isystem;/home/bruno/anaconda3/include
Id flags:  

The output was:
0


Compilation of the CXX compiler identification source "CMakeCXXCompilerId.cpp" produced "a.out"

The CXX compiler identification is GNU, found in "/home/bruno/Documents/internhsip/tileDataType/build/CMakeFiles/3.22.5/CompilerIdCXX/a.out"

Detecting C compiler ABI info compiled with the following output:
Change Dir: /home/bruno/Documents/internhsip/tileDataType/build/CMakeFiles/CMakeTmp

Run Build Command(s):/usr/bin/gmake -f Makefile cmTC_25999/fast && /usr/bin/gmake  -f CMakeFiles/cmTC_25999.dir/build.make CMakeFiles/cmTC_25999.dir/build
gmake[1]: Entering directory '/home/bruno/Documents/internhsip/tileDataType/build/CMakeFiles/CMakeTmp'
Building C object CMakeFiles/cmTC_25999.dir/CMakeCCompilerABI.c.o
/home/bruno/anaconda3/bin/x86_64-conda-linux-gnu-cc   -march=nocona -mtune=haswell -ftree-vectorize -fPIC -fstack-protector-strong -fno-plt -O2 -ffunction-sections -pipe -isystem /home/bruno/anaconda3/include    -v -o CMakeFiles/cmTC_25999.dir/CMakeCCompilerABI.c.o -c /home/bruno/anaconda3/lib/python3.9/site-packages/cmake/data/share/cmake-3.22/Modules/CMakeCCompilerABI.c
Reading specs from /home/bruno/anaconda3/bin/../lib/gcc/x86_64-conda-linux-gnu/11.2.0/specs
COLLECT_GCC=/home/bruno/anaconda3/bin/x86_64-conda-linux-gnu-cc
Target: x86_64-conda-linux-gnu
Configured with: /opt/conda/conda-bld/gcc-compiler_1654084175708/work/gcc/configure --build=x86_64-build_conda-linux-gnu --host=x86_64-build_conda-linux-gnu --target=x86_64-conda-linux-gnu --prefix=/opt/conda/conda-bld/gcc-compiler_1654084175708/work/gcc_built --exec_prefix=/opt/conda/conda-bld/gcc-compiler_1654084175708/work/gcc_built --with-sysroot=/opt/conda/conda-bld/gcc-compiler_1654084175708/work/gcc_built/x86_64-conda-linux-gnu/sysroot --with-local-prefix=/opt/conda/conda-bld/gcc-compiler_1654084175708/work/gcc_built/x86_64-conda-linux-gnu/sysroot --enable-long-long --disable-multilib --disable-nls --with-gmp=/opt/conda/conda-bld/gcc-compiler_1654084175708/work/buildtools --with-mpfr=/opt/conda/conda-bld/gcc-compiler_1654084175708/work/buildtools --with-mpc=/opt/conda/conda-bld/gcc-compiler_1654084175708/work/buildtools --with-isl=/opt/conda/conda-bld/gcc-compiler_1654084175708/work/buildtools --without-zstd --enable-languages=c,c++,fortran,objc,obj-c++ --enable-__cxa_atexit --disable-libmudflap --enable-libgomp --enable-libquadmath --enable-libquadmath-support --enable-libsanitizer --disable-libstdcxx-verbose --enable-lto --enable-libcc1 --enable-threads=posix --enable-plugin --with-pkgversion='Anaconda gcc' --enable-libmpx
Thread model: posix
Supported LTO compression algorithms: zlib
gcc version 11.2.0 (Anaconda gcc) 
COLLECT_GCC_OPTIONS='-march=nocona' '-mtune=haswell' '-ftree-vectorize' '-fPIC' '-fstack-protector-strong' '-fno-plt' '-O2' '-ffunction-sections' '-pipe' '-isystem' '/home/bruno/anaconda3/include' '-v' '-o' 'CMakeFiles/cmTC_25999.dir/CMakeCCompilerABI.c.o' '-c' '-dumpdir' 'CMakeFiles/cmTC_25999.dir/'
 /home/bruno/anaconda3/bin/../libexec/gcc/x86_64-conda-linux-gnu/11.2.0/cc1 -quiet -v -iprefix /home/bruno/anaconda3/bin/../lib/gcc/x86_64-conda-linux-gnu/11.2.0/ -isysroot /home/bruno/anaconda3/bin/../x86_64-conda-linux-gnu/sysroot -isystem /home/bruno/anaconda3/include /home/bruno/anaconda3/lib/python3.9/site-packages/cmake/data/share/cmake-3.22/Modules/CMakeCCompilerABI.c -quiet -dumpdir CMakeFiles/cmTC_25999.dir/ -dumpbase CMakeCCompilerABI.c.c -dumpbase-ext .c -march=nocona -mtune=haswell -O2 -version -ftree-vectorize -fPIC -fstack-protector-strong -fno-plt -ffunction-sections -o - |
 /home/bruno/anaconda3/bin/../lib/gcc/x86_64-conda-linux-gnu/11.2.0/../../../../x86_64-conda-linux-gnu/bin/as -v --64 -o CMakeFiles/cmTC_25999.dir/CMakeCCompilerABI.c.o
GNU assembler version 2.38 (x86_64-conda-linux-gnu) using BFD version (Anaconda binutils) 2.38
GNU C17 (Anaconda gcc) version 11.2.0 (x86_64-conda-linux-gnu)
	compiled by GNU C version 11.2.0, GMP version 6.2.1, MPFR version 4.1.0, MPC version 1.2.1, isl version isl-0.24-GMP

GGC heuristics: --param ggc-min-expand=100 --param ggc-min-heapsize=131072
ignoring duplicate directory "/home/bruno/anaconda3/bin/../lib/gcc/../../lib/gcc/x86_64-conda-linux-gnu/11.2.0/include"
ignoring nonexistent directory "/home/bruno/anaconda3/bin/../x86_64-conda-linux-gnu/sysroot/opt/conda/conda-bld/gcc-compiler_1654084175708/work/gcc_built/x86_64-conda-linux-gnu/sysroot/include"
ignoring duplicate directory "/home/bruno/anaconda3/bin/../lib/gcc/../../lib/gcc/x86_64-conda-linux-gnu/11.2.0/include-fixed"
ignoring duplicate directory "/home/bruno/anaconda3/bin/../lib/gcc/../../lib/gcc/x86_64-conda-linux-gnu/11.2.0/../../../../x86_64-conda-linux-gnu/include"
#include "..." search starts here:
#include <...> search starts here:
 /home/bruno/anaconda3/include
 /home/bruno/anaconda3/bin/../lib/gcc/x86_64-conda-linux-gnu/11.2.0/include
 /home/bruno/anaconda3/bin/../lib/gcc/x86_64-conda-linux-gnu/11.2.0/include-fixed
 /home/bruno/anaconda3/bin/../lib/gcc/x86_64-conda-linux-gnu/11.2.0/../../../../x86_64-conda-linux-gnu/include
 /home/bruno/anaconda3/bin/../x86_64-conda-linux-gnu/sysroot/usr/include
End of search list.
GNU C17 (Anaconda gcc) version 11.2.0 (x86_64-conda-linux-gnu)
	compiled by GNU C version 11.2.0, GMP version 6.2.1, MPFR version 4.1.0, MPC version 1.2.1, isl version isl-0.24-GMP

GGC heuristics: --param ggc-min-expand=100 --param ggc-min-heapsize=131072
Compiler executable checksum: e1e0bc17a565350666787f1586df2119
COMPILER_PATH=/home/bruno/anaconda3/bin/../libexec/gcc/x86_64-conda-linux-gnu/11.2.0/:/home/bruno/anaconda3/bin/../libexec/gcc/:/home/bruno/anaconda3/bin/../lib/gcc/x86_64-conda-linux-gnu/11.2.0/../../../../x86_64-conda-linux-gnu/bin/
LIBRARY_PATH=/home/bruno/anaconda3/bin/../lib/gcc/x86_64-conda-linux-gnu/11.2.0/:/home/bruno/anaconda3/bin/../lib/gcc/:/home/bruno/anaconda3/bin/../lib/gcc/x86_64-conda-linux-gnu/11.2.0/../../../../x86_64-conda-linux-gnu/lib/../lib64/:/home/bruno/anaconda3/bin/../x86_64-conda-linux-gnu/sysroot/lib/../lib64/:/home/bruno/anaconda3/bin/../x86_64-conda-linux-gnu/sysroot/usr/lib/../lib64/:/home/bruno/anaconda3/bin/../lib/gcc/x86_64-conda-linux-gnu/11.2.0/../../../../x86_64-conda-linux-gnu/lib/:/home/bruno/anaconda3/bin/../x86_64-conda-linux-gnu/sysroot/lib/:/home/bruno/anaconda3/bin/../x86_64-conda-linux-gnu/sysroot/usr/lib/
COLLECT_GCC_OPTIONS='-march=nocona' '-mtune=haswell' '-ftree-vectorize' '-fPIC' '-fstack-protector-strong' '-fno-plt' '-O2' '-ffunction-sections' '-pipe' '-isystem' '/home/bruno/anaconda3/include' '-v' '-o' 'CMakeFiles/cmTC_25999.dir/CMakeCCompilerABI.c.o' '-c' '-dumpdir' 'CMakeFiles/cmTC_25999.dir/CMakeCCompilerABI.c.'
Linking C executable cmTC_25999
/home/bruno/anaconda3/lib/python3.9/site-packages/cmake/data/bin/cmake -E cmake_link_script CMakeFiles/cmTC_25999.dir/link.txt --verbose=1
/home/bruno/anaconda3/bin/x86_64-conda-linux-gnu-cc -march=nocona -mtune=haswell -ftree-vectorize -fPIC -fstack-protector-strong -fno-plt -O2 -ffunction-sections -pipe -isystem /home/bruno/anaconda3/include  -Wl,-O2 -Wl,--sort-common -Wl,--as-needed -Wl,-z,relro -Wl,-z,now -Wl,--disable-new-dtags -Wl,--gc-sections -Wl,-rpath,/home/bruno/anaconda3/lib -Wl,-rpath-link,/home/bruno/anaconda3/lib -L/home/bruno/anaconda3/lib -v CMakeFiles/cmTC_25999.dir/CMakeCCompilerABI.c.o -o cmTC_25999 
Reading specs from /home/bruno/anaconda3/bin/../lib/gcc/x86_64-conda-linux-gnu/11.2.0/specs
COLLECT_GCC=/home/bruno/anaconda3/bin/x86_64-conda-linux-gnu-cc
COLLECT_LTO_WRAPPER=/home/bruno/anaconda3/bin/../libexec/gcc/x86_64-conda-linux-gnu/11.2.0/lto-wrapper
Target: x86_64-conda-linux-gnu
Configured with: /opt/conda/conda-bld/gcc-compiler_1654084175708/work/gcc/configure --build=x86_64-build_conda-linux-gnu --host=x86_64-build_conda-linux-gnu --target=x86_64-conda-linux-gnu --prefix=/opt/conda/conda-bld/gcc-compiler_1654084175708/work/gcc_built --exec_prefix=/opt/conda/conda-bld/gcc-compiler_1654084175708/work/gcc_built --with-sysroot=/opt/conda/conda-bld/gcc-compiler_1654084175708/work/gcc_built/x86_64-conda-linux-gnu/sysroot --with-local-prefix=/opt/conda/conda-bld/gcc-compiler_1654084175708/work/gcc_built/x86_64-conda-linux-gnu/sysroot --enable-long-long --disable-multilib --disable-nls --with-gmp=/opt/conda/conda-bld/gcc-compiler_1654084175708/work/buildtools --with-mpfr=/opt/conda/conda-bld/gcc-compiler_1654084175708/work/buildtools --with-mpc=/opt/conda/conda-bld/gcc-compiler_1654084175708/work/buildtools --with-isl=/opt/conda/conda-bld/gcc-compiler_1654084175708/work/buildtools --without-zstd --enable-languages=c,c++,fortran,objc,obj-c++ --enable-__cxa_atexit --disable-libmudflap --enable-libgomp --enable-libquadmath --enable-libquadmath-support --enable-libsanitizer --disable-libstdcxx-verbose --enable-lto --enable-libcc1 --enable-threads=posix --enable-plugin --with-pkgversion='Anaconda gcc' --enable-libmpx
Thread model: posix
Supported LTO compression algorithms: zlib
gcc version 11.2.0 (Anaconda gcc) 
COMPILER_PATH=/home/bruno/anaconda3/bin/../libexec/gcc/x86_64-conda-linux-gnu/11.2.0/:/home/bruno/anaconda3/bin/../libexec/gcc/:/home/bruno/anaconda3/bin/../lib/gcc/x86_64-conda-linux-gnu/11.2.0/../../../../x86_64-conda-linux-gnu/bin/
LIBRARY_PATH=/home/bruno/anaconda3/bin/../lib/gcc/x86_64-conda-linux-gnu/11.2.0/:/home/bruno/anaconda3/bin/../lib/gcc/:/home/bruno/anaconda3/bin/../lib/gcc/x86_64-conda-linux-gnu/11.2.0/../../../../x86_64-conda-linux-gnu/lib/../lib64/:/home/bruno/anaconda3/bin/../x86_64-conda-linux-gnu/sysroot/lib/../lib64/:/home/bruno/anaconda3/bin/../x86_64-conda-linux-gnu/sysroot/usr/lib/../lib64/:/home/bruno/anaconda3/bin/../lib/gcc/x86_64-conda-linux-gnu/11.2.0/../../../../x86_64-conda-linux-gnu/lib/:/home/bruno/anaconda3/bin/../x86_64-conda-linux-gnu/sysroot/lib/:/home/bruno/anaconda3/bin/../x86_64-conda-linux-gnu/sysroot/usr/lib/
COLLECT_GCC_OPTIONS='-march=nocona' '-mtune=haswell' '-ftree-vectorize' '-fPIC' '-fstack-protector-strong' '-fno-plt' '-O2' '-ffunction-sections' '-pipe' '-isystem' '/home/bruno/anaconda3/include' '-L/home/bruno/anaconda3/lib' '-v' '-o' 'cmTC_25999' '-dumpdir' 'cmTC_25999.'
 /home/bruno/anaconda3/bin/../libexec/gcc/x86_64-conda-linux-gnu/11.2.0/collect2 -plugin /home/bruno/anaconda3/bin/../libexec/gcc/x86_64-conda-linux-gnu/11.2.0/liblto_plugin.so -plugin-opt=/home/bruno/anaconda3/bin/../libexec/gcc/x86_64-conda-linux-gnu/11.2.0/lto-wrapper -plugin-opt=-fresolution=/tmp/ccTFHVGz.res -plugin-opt=-pass-through=-lgcc -plugin-opt=-pass-through=-lgcc_s -plugin-opt=-pass-through=-lc -plugin-opt=-pass-through=-lgcc -plugin-opt=-pass-through=-lgcc_s --sysroot=/home/bruno/anaconda3/bin/../x86_64-conda-linux-gnu/sysroot --eh-frame-hdr -m elf_x86_64 -dynamic-linker /lib64/ld-linux-x86-64.so.2 -o cmTC_25999 /home/bruno/anaconda3/bin/../x86_64-conda-linux-gnu/sysroot/usr/lib/../lib64/crt1.o /home/bruno/anaconda3/bin/../x86_64-conda-linux-gnu/sysroot/usr/lib/../lib64/crti.o /home/bruno/anaconda3/bin/../lib/gcc/x86_64-conda-linux-gnu/11.2.0/crtbegin.o -L/home/bruno/anaconda3/lib -L/home/bruno/anaconda3/bin/../lib/gcc/x86_64-conda-linux-gnu/11.2.0 -L/home/bruno/anaconda3/bin/../lib/gcc -L/home/bruno/anaconda3/bin/../lib/gcc/x86_64-conda-linux-gnu/11.2.0/../../../../x86_64-conda-linux-gnu/lib/../lib64 -L/home/bruno/anaconda3/bin/../x86_64-conda-linux-gnu/sysroot/lib/../lib64 -L/home/bruno/anaconda3/bin/../x86_64-conda-linux-gnu/sysroot/usr/lib/../lib64 -L/home/bruno/anaconda3/bin/../lib/gcc/x86_64-conda-linux-gnu/11.2.0/../../../../x86_64-conda-linux-gnu/lib -L/home/bruno/anaconda3/bin/../x86_64-conda-linux-gnu/sysroot/lib -L/home/bruno/anaconda3/bin/../x86_64-conda-linux-gnu/sysroot/usr/lib -rpath /home/bruno/anaconda3/lib -O2 --sort-common --as-needed -z relro -z now --disable-new-dtags --gc-sections -rpath /home/bruno/anaconda3/lib -rpath-link /home/bruno/anaconda3/lib CMakeFiles/cmTC_25999.dir/CMakeCCompilerABI.c.o -lgcc --push-state --as-needed -lgcc_s --pop-state -lc -lgcc --push-state --as-needed -lgcc_s --pop-state /home/bruno/anaconda3/bin/../lib/gcc/x86_64-conda-linux-gnu/11.2.0/crtend.o /home/bruno/anaconda3/bin/../x86_64-conda-linux-gnu/sysroot/usr/lib/../lib64/crtn.o
COLLECT_GCC_OPTIONS='-march=nocona' '-mtune=haswell' '-ftree-vectorize' '-fPIC' '-fstack-protector-strong' '-fno-plt' '-O2' '-ffunction-sections' '-pipe' '-isystem' '/home/bruno/anaconda3/include' '-L/home/bruno/anaconda3/lib' '-v' '-o' 'cmTC_25999' '-dumpdir' 'cmTC_25999.'
gmake[1]: Leaving directory '/home/bruno/Documents/internhsip/tileDataType/build/CMakeFiles/CMakeTmp'



Parsed C implicit include dir info from above output: rv=done
  found start of include info
  found start of implicit include info
    add: [/home/bruno/anaconda3/include]
    add: [/home/bruno/anaconda3/bin/../lib/gcc/x86_64-conda-linux-gnu/11.2.0/include]
    add: [/home/bruno/anaconda3/bin/../lib/gcc/x86_64-conda-linux-gnu/11.2.0/include-fixed]
    add: [/home/bruno/anaconda3/bin/../lib/gcc/x86_64-conda-linux-gnu/11.2.0/../../../../x86_64-conda-linux-gnu/include]
    add: [/home/bruno/anaconda3/bin/../x86_64-conda-linux-gnu/sysroot/usr/include]
  end of search list found
  collapse include dir [/home/bruno/anaconda3/include] ==> [/home/bruno/anaconda3/include]
  collapse include dir [/home/bruno/anaconda3/bin/../lib/gcc/x86_64-conda-linux-gnu/11.2.0/include] ==> [/home/bruno/anaconda3/lib/gcc/x86_64-conda-linux-gnu/11.2.0/include]
  collapse include dir [/home/bruno/anaconda3/bin/../lib/gcc/x86_64-conda-linux-gnu/11.2.0/include-fixed] ==> [/home/bruno/anaconda3/lib/gcc/x86_64-conda-linux-gnu/11.2.0/include-fixed]
  collapse include dir [/home/bruno/anaconda3/bin/../lib/gcc/x86_64-conda-linux-gnu/11.2.0/../../../../x86_64-conda-linux-gnu/include] ==> [/home/bruno/anaconda3/x86_64-conda-linux-gnu/include]
  collapse include dir [/home/bruno/anaconda3/bin/../x86_64-conda-linux-gnu/sysroot/usr/include] ==> [/home/bruno/anaconda3/x86_64-conda-linux-gnu/sysroot/usr/include]
  implicit include dirs: [/home/bruno/anaconda3/include;/home/bruno/anaconda3/lib/gcc/x86_64-conda-linux-gnu/11.2.0/include;/home/bruno/anaconda3/lib/gcc/x86_64-conda-linux-gnu/11.2.0/include-fixed;/home/bruno/anaconda3/x86_64-conda-linux-gnu/include;/home/bruno/anaconda3/x86_64-conda-linux-gnu/sysroot/usr/include]


Parsed C implicit link information from above output:
  link line regex: [^( *|.*[/\])(x86_64-conda-linux-gnu-ld|CMAKE_LINK_STARTFILE-NOTFOUND|([^/\]+-)?ld|collect2)[^/\]*( |$)]
  ignore line: [Change Dir: /home/bruno/Documents/internhsip/tileDataType/build/CMakeFiles/CMakeTmp]
  ignore line: []
  ignore line: [Run Build Command(s):/usr/bin/gmake -f Makefile cmTC_25999/fast && /usr/bin/gmake  -f CMakeFiles/cmTC_25999.dir/build.make CMakeFiles/cmTC_25999.dir/build]
  ignore line: [gmake[1]: Entering directory '/home/bruno/Documents/internhsip/tileDataType/build/CMakeFiles/CMakeTmp']
  ignore line: [Building C object CMakeFiles/cmTC_25999.dir/CMakeCCompilerABI.c.o]
  ignore line: [/home/bruno/anaconda3/bin/x86_64-conda-linux-gnu-cc   -march=nocona -mtune=haswell -ftree-vectorize -fPIC -fstack-protector-strong -fno-plt -O2 -ffunction-sections -pipe -isystem /home/bruno/anaconda3/include    -v -o CMakeFiles/cmTC_25999.dir/CMakeCCompilerABI.c.o -c /home/bruno/anaconda3/lib/python3.9/site-packages/cmake/data/share/cmake-3.22/Modules/CMakeCCompilerABI.c]
  ignore line: [Reading specs from /home/bruno/anaconda3/bin/../lib/gcc/x86_64-conda-linux-gnu/11.2.0/specs]
  ignore line: [COLLECT_GCC=/home/bruno/anaconda3/bin/x86_64-conda-linux-gnu-cc]
  ignore line: [Target: x86_64-conda-linux-gnu]
  ignore line: [Configured with: /opt/conda/conda-bld/gcc-compiler_1654084175708/work/gcc/configure --build=x86_64-build_conda-linux-gnu --host=x86_64-build_conda-linux-gnu --target=x86_64-conda-linux-gnu --prefix=/opt/conda/conda-bld/gcc-compiler_1654084175708/work/gcc_built --exec_prefix=/opt/conda/conda-bld/gcc-compiler_1654084175708/work/gcc_built --with-sysroot=/opt/conda/conda-bld/gcc-compiler_1654084175708/work/gcc_built/x86_64-conda-linux-gnu/sysroot --with-local-prefix=/opt/conda/conda-bld/gcc-compiler_1654084175708/work/gcc_built/x86_64-conda-linux-gnu/sysroot --enable-long-long --disable-multilib --disable-nls --with-gmp=/opt/conda/conda-bld/gcc-compiler_1654084175708/work/buildtools --with-mpfr=/opt/conda/conda-bld/gcc-compiler_1654084175708/work/buildtools --with-mpc=/opt/conda/conda-bld/gcc-compiler_1654084175708/work/buildtools --with-isl=/opt/conda/conda-bld/gcc-compiler_1654084175708/work/buildtools --without-zstd --enable-languages=c c++ fortran objc obj-c++ --enable-__cxa_atexit --disable-libmudflap --enable-libgomp --enable-libquadmath --enable-libquadmath-support --enable-libsanitizer --disable-libstdcxx-verbose --enable-lto --enable-libcc1 --enable-threads=posix --enable-plugin --with-pkgversion='Anaconda gcc' --enable-libmpx]
  ignore line: [Thread model: posix]
  ignore line: [Supported LTO compression algorithms: zlib]
  ignore line: [gcc version 11.2.0 (Anaconda gcc) ]
  ignore line: [COLLECT_GCC_OPTIONS='-march=nocona' '-mtune=haswell' '-ftree-vectorize' '-fPIC' '-fstack-protector-strong' '-fno-plt' '-O2' '-ffunction-sections' '-pipe' '-isystem' '/home/bruno/anaconda3/include' '-v' '-o' 'CMakeFiles/cmTC_25999.dir/CMakeCCompilerABI.c.o' '-c' '-dumpdir' 'CMakeFiles/cmTC_25999.dir/']
  ignore line: [ /home/bruno/anaconda3/bin/../libexec/gcc/x86_64-conda-linux-gnu/11.2.0/cc1 -quiet -v -iprefix /home/bruno/anaconda3/bin/../lib/gcc/x86_64-conda-linux-gnu/11.2.0/ -isysroot /home/bruno/anaconda3/bin/../x86_64-conda-linux-gnu/sysroot -isystem /home/bruno/anaconda3/include /home/bruno/anaconda3/lib/python3.9/site-packages/cmake/data/share/cmake-3.22/Modules/CMakeCCompilerABI.c -quiet -dumpdir CMakeFiles/cmTC_25999.dir/ -dumpbase CMakeCCompilerABI.c.c -dumpbase-ext .c -march=nocona -mtune=haswell -O2 -version -ftree-vectorize -fPIC -fstack-protector-strong -fno-plt -ffunction-sections -o - |]
  ignore line: [ /home/bruno/anaconda3/bin/../lib/gcc/x86_64-conda-linux-gnu/11.2.0/../../../../x86_64-conda-linux-gnu/bin/as -v --64 -o CMakeFiles/cmTC_25999.dir/CMakeCCompilerABI.c.o]
  ignore line: [GNU assembler version 2.38 (x86_64-conda-linux-gnu) using BFD version (Anaconda binutils) 2.38]
  ignore line: [GNU C17 (Anaconda gcc) version 11.2.0 (x86_64-conda-linux-gnu)]
  ignore line: [	compiled by GNU C version 11.2.0  GMP version 6.2.1  MPFR version 4.1.0  MPC version 1.2.1  isl version isl-0.24-GMP]
  ignore line: []
  ignore line: [GGC heuristics: --param ggc-min-expand=100 --param ggc-min-heapsize=131072]
  ignore line: [ignoring duplicate directory "/home/bruno/anaconda3/bin/../lib/gcc/../../lib/gcc/x86_64-conda-linux-gnu/11.2.0/include"]
  ignore line: [ignoring nonexistent directory "/home/bruno/anaconda3/bin/../x86_64-conda-linux-gnu/sysroot/opt/conda/conda-bld/gcc-compiler_1654084175708/work/gcc_built/x86_64-conda-linux-gnu/sysroot/include"]
  ignore line: [ignoring duplicate directory "/home/bruno/anaconda3/bin/../lib/gcc/../../lib/gcc/x86_64-conda-linux-gnu/11.2.0/include-fixed"]
  ignore line: [ignoring duplicate directory "/home/bruno/anaconda3/bin/../lib/gcc/../../lib/gcc/x86_64-conda-linux-gnu/11.2.0/../../../../x86_64-conda-linux-gnu/include"]
  ignore line: [#include "..." search starts here:]
  ignore line: [#include <...> search starts here:]
  ignore line: [ /home/bruno/anaconda3/include]
  ignore line: [ /home/bruno/anaconda3/bin/../lib/gcc/x86_64-conda-linux-gnu/11.2.0/include]
  ignore line: [ /home/bruno/anaconda3/bin/../lib/gcc/x86_64-conda-linux-gnu/11.2.0/include-fixed]
  ignore line: [ /home/bruno/anaconda3/bin/../lib/gcc/x86_64-conda-linux-gnu/11.2.0/../../../../x86_64-conda-linux-gnu/include]
  ignore line: [ /home/bruno/anaconda3/bin/../x86_64-conda-linux-gnu/sysroot/usr/include]
  ignore line: [End of search list.]
  ignore line: [GNU C17 (Anaconda gcc) version 11.2.0 (x86_64-conda-linux-gnu)]
  ignore line: [	compiled by GNU C version 11.2.0  GMP version 6.2.1  MPFR version 4.1.0  MPC version 1.2.1  isl version isl-0.24-GMP]
  ignore line: []
  ignore line: [GGC heuristics: --param ggc-min-expand=100 --param ggc-min-heapsize=131072]
  ignore line: [Compiler executable checksum: e1e0bc17a565350666787f1586df2119]
  ignore line: [COMPILER_PATH=/home/bruno/anaconda3/bin/../libexec/gcc/x86_64-conda-linux-gnu/11.2.0/:/home/bruno/anaconda3/bin/../libexec/gcc/:/home/bruno/anaconda3/bin/../lib/gcc/x86_64-conda-linux-gnu/11.2.0/../../../../x86_64-conda-linux-gnu/bin/]
  ignore line: [LIBRARY_PATH=/home/bruno/anaconda3/bin/../lib/gcc/x86_64-conda-linux-gnu/11.2.0/:/home/bruno/anaconda3/bin/../lib/gcc/:/home/bruno/anaconda3/bin/../lib/gcc/x86_64-conda-linux-gnu/11.2.0/../../../../x86_64-conda-linux-gnu/lib/../lib64/:/home/bruno/anaconda3/bin/../x86_64-conda-linux-gnu/sysroot/lib/../lib64/:/home/bruno/anaconda3/bin/../x86_64-conda-linux-gnu/sysroot/usr/lib/../lib64/:/home/bruno/anaconda3/bin/../lib/gcc/x86_64-conda-linux-gnu/11.2.0/../../../../x86_64-conda-linux-gnu/lib/:/home/bruno/anaconda3/bin/../x86_64-conda-linux-gnu/sysroot/lib/:/home/bruno/anaconda3/bin/../x86_64-conda-linux-gnu/sysroot/usr/lib/]
  ignore line: [COLLECT_GCC_OPTIONS='-march=nocona' '-mtune=haswell' '-ftree-vectorize' '-fPIC' '-fstack-protector-strong' '-fno-plt' '-O2' '-ffunction-sections' '-pipe' '-isystem' '/home/bruno/anaconda3/include' '-v' '-o' 'CMakeFiles/cmTC_25999.dir/CMakeCCompilerABI.c.o' '-c' '-dumpdir' 'CMakeFiles/cmTC_25999.dir/CMakeCCompilerABI.c.']
  ignore line: [Linking C executable cmTC_25999]
  ignore line: [/home/bruno/anaconda3/lib/python3.9/site-packages/cmake/data/bin/cmake -E cmake_link_script CMakeFiles/cmTC_25999.dir/link.txt --verbose=1]
  ignore line: [/home/bruno/anaconda3/bin/x86_64-conda-linux-gnu-cc -march=nocona -mtune=haswell -ftree-vectorize -fPIC -fstack-protector-strong -fno-plt -O2 -ffunction-sections -pipe -isystem /home/bruno/anaconda3/include  -Wl -O2 -Wl --sort-common -Wl --as-needed -Wl -z relro -Wl -z now -Wl --disable-new-dtags -Wl --gc-sections -Wl -rpath /home/bruno/anaconda3/lib -Wl -rpath-link /home/bruno/anaconda3/lib -L/home/bruno/anaconda3/lib -v CMakeFiles/cmTC_25999.dir/CMakeCCompilerABI.c.o -o cmTC_25999 ]
  ignore line: [Reading specs from /home/bruno/anaconda3/bin/../lib/gcc/x86_64-conda-linux-gnu/11.2.0/specs]
  ignore line: [COLLECT_GCC=/home/bruno/anaconda3/bin/x86_64-conda-linux-gnu-cc]
  ignore line: [COLLECT_LTO_WRAPPER=/home/bruno/anaconda3/bin/../libexec/gcc/x86_64-conda-linux-gnu/11.2.0/lto-wrapper]
  ignore line: [Target: x86_64-conda-linux-gnu]
  ignore line: [Configured with: /opt/conda/conda-bld/gcc-compiler_1654084175708/work/gcc/configure --build=x86_64-build_conda-linux-gnu --host=x86_64-build_conda-linux-gnu --target=x86_64-conda-linux-gnu --prefix=/opt/conda/conda-bld/gcc-compiler_1654084175708/work/gcc_built --exec_prefix=/opt/conda/conda-bld/gcc-compiler_1654084175708/work/gcc_built --with-sysroot=/opt/conda/conda-bld/gcc-compiler_1654084175708/work/gcc_built/x86_64-conda-linux-gnu/sysroot --with-local-prefix=/opt/conda/conda-bld/gcc-compiler_1654084175708/work/gcc_built/x86_64-conda-linux-gnu/sysroot --enable-long-long --disable-multilib --disable-nls --with-gmp=/opt/conda/conda-bld/gcc-compiler_1654084175708/work/buildtools --with-mpfr=/opt/conda/conda-bld/gcc-compiler_1654084175708/work/buildtools --with-mpc=/opt/conda/conda-bld/gcc-compiler_1654084175708/work/buildtools --with-isl=/opt/conda/conda-bld/gcc-compiler_1654084175708/work/buildtools --without-zstd --enable-languages=c c++ fortran objc obj-c++ --enable-__cxa_atexit --disable-libmudflap --enable-libgomp --enable-libquadmath --enable-libquadmath-support --enable-libsanitizer --disable-libstdcxx-verbose --enable-lto --enable-libcc1 --enable-threads=posix --enable-plugin --with-pkgversion='Anaconda gcc' --enable-libmpx]
  ignore line: [Thread model: posix]
  ignore line: [Supported LTO compression algorithms: zlib]
  ignore line: [gcc version 11.2.0 (Anaconda gcc) ]
  ignore line: [COMPILER_PATH=/home/bruno/anaconda3/bin/../libexec/gcc/x86_64-conda-linux-gnu/11.2.0/:/home/bruno/anaconda3/bin/../libexec/gcc/:/home/bruno/anaconda3/bin/../lib/gcc/x86_64-conda-linux-gnu/11.2.0/../../../../x86_64-conda-linux-gnu/bin/]
  ignore line: [LIBRARY_PATH=/home/bruno/anaconda3/bin/../lib/gcc/x86_64-conda-linux-gnu/11.2.0/:/home/bruno/anaconda3/bin/../lib/gcc/:/home/bruno/anaconda3/bin/../lib/gcc/x86_64-conda-linux-gnu/11.2.0/../../../../x86_64-conda-linux-gnu/lib/../lib64/:/home/bruno/anaconda3/bin/../x86_64-conda-linux-gnu/sysroot/lib/../lib64/:/home/bruno/anaconda3/bin/../x86_64-conda-linux-gnu/sysroot/usr/lib/../lib64/:/home/bruno/anaconda3/bin/../lib/gcc/x86_64-conda-linux-gnu/11.2.0/../../../../x86_64-conda-linux-gnu/lib/:/home/bruno/anaconda3/bin/../x86_64-conda-linux-gnu/sysroot/lib/:/home/bruno/anaconda3/bin/../x86_64-conda-linux-gnu/sysroot/usr/lib/]
  ignore line: [COLLECT_GCC_OPTIONS='-march=nocona' '-mtune=haswell' '-ftree-vectorize' '-fPIC' '-fstack-protector-strong' '-fno-plt' '-O2' '-ffunction-sections' '-pipe' '-isystem' '/home/bruno/anaconda3/include' '-L/home/bruno/anaconda3/lib' '-v' '-o' 'cmTC_25999' '-dumpdir' 'cmTC_25999.']
  link line: [ /home/bruno/anaconda3/bin/../libexec/gcc/x86_64-conda-linux-gnu/11.2.0/collect2 -plugin /home/bruno/anaconda3/bin/../libexec/gcc/x86_64-conda-linux-gnu/11.2.0/liblto_plugin.so -plugin-opt=/home/bruno/anaconda3/bin/../libexec/gcc/x86_64-conda-linux-gnu/11.2.0/lto-wrapper -plugin-opt=-fresolution=/tmp/ccTFHVGz.res -plugin-opt=-pass-through=-lgcc -plugin-opt=-pass-through=-lgcc_s -plugin-opt=-pass-through=-lc -plugin-opt=-pass-through=-lgcc -plugin-opt=-pass-through=-lgcc_s --sysroot=/home/bruno/anaconda3/bin/../x86_64-conda-linux-gnu/sysroot --eh-frame-hdr -m elf_x86_64 -dynamic-linker /lib64/ld-linux-x86-64.so.2 -o cmTC_25999 /home/bruno/anaconda3/bin/../x86_64-conda-linux-gnu/sysroot/usr/lib/../lib64/crt1.o /home/bruno/anaconda3/bin/../x86_64-conda-linux-gnu/sysroot/usr/lib/../lib64/crti.o /home/bruno/anaconda3/bin/../lib/gcc/x86_64-conda-linux-gnu/11.2.0/crtbegin.o -L/home/bruno/anaconda3/lib -L/home/bruno/anaconda3/bin/../lib/gcc/x86_64-conda-linux-gnu/11.2.0 -L/home/bruno/anaconda3/bin/../lib/gcc -L/home/bruno/anaconda3/bin/../lib/gcc/x86_64-conda-linux-gnu/11.2.0/../../../../x86_64-conda-linux-gnu/lib/../lib64 -L/home/bruno/anaconda3/bin/../x86_64-conda-linux-gnu/sysroot/lib/../lib64 -L/home/bruno/anaconda3/bin/../x86_64-conda-linux-gnu/sysroot/usr/lib/../lib64 -L/home/bruno/anaconda3/bin/../lib/gcc/x86_64-conda-linux-gnu/11.2.0/../../../../x86_64-conda-linux-gnu/lib -L/home/bruno/anaconda3/bin/../x86_64-conda-linux-gnu/sysroot/lib -L/home/bruno/anaconda3/bin/../x86_64-conda-linux-gnu/sysroot/usr/lib -rpath /home/bruno/anaconda3/lib -O2 --sort-common --as-needed -z relro -z now --disable-new-dtags --gc-sections -rpath /home/bruno/anaconda3/lib -rpath-link /home/bruno/anaconda3/lib CMakeFiles/cmTC_25999.dir/CMakeCCompilerABI.c.o -lgcc --push-state --as-needed -lgcc_s --pop-state -lc -lgcc --push-state --as-needed -lgcc_s --pop-state /home/bruno/anaconda3/bin/../lib/gcc/x86_64-conda-linux-gnu/11.2.0/crtend.o /home/bruno/anaconda3/bin/../x86_64-conda-linux-gnu/sysroot/usr/lib/../lib64/crtn.o]
    arg [/home/bruno/anaconda3/bin/../libexec/gcc/x86_64-conda-linux-gnu/11.2.0/collect2] ==> ignore
    arg [-plugin] ==> ignore
    arg [/home/bruno/anaconda3/bin/../libexec/gcc/x86_64-conda-linux-gnu/11.2.0/liblto_plugin.so] ==> ignore
    arg [-plugin-opt=/home/bruno/anaconda3/bin/../libexec/gcc/x86_64-conda-linux-gnu/11.2.0/lto-wrapper] ==> ignore
    arg [-plugin-opt=-fresolution=/tmp/ccTFHVGz.res] ==> ignore
    arg [-plugin-opt=-pass-through=-lgcc] ==> ignore
    arg [-plugin-opt=-pass-through=-lgcc_s] ==> ignore
    arg [-plugin-opt=-pass-through=-lc] ==> ignore
    arg [-plugin-opt=-pass-through=-lgcc] ==> ignore
    arg [-plugin-opt=-pass-through=-lgcc_s] ==> ignore
    arg [--sysroot=/home/bruno/anaconda3/bin/../x86_64-conda-linux-gnu/sysroot] ==> ignore
    arg [--eh-frame-hdr] ==> ignore
    arg [-m] ==> ignore
    arg [elf_x86_64] ==> ignore
    arg [-dynamic-linker] ==> ignore
    arg [/lib64/ld-linux-x86-64.so.2] ==> ignore
    arg [-o] ==> ignore
    arg [cmTC_25999] ==> ignore
    arg [/home/bruno/anaconda3/bin/../x86_64-conda-linux-gnu/sysroot/usr/lib/../lib64/crt1.o] ==> obj [/home/bruno/anaconda3/bin/../x86_64-conda-linux-gnu/sysroot/usr/lib/../lib64/crt1.o]
    arg [/home/bruno/anaconda3/bin/../x86_64-conda-linux-gnu/sysroot/usr/lib/../lib64/crti.o] ==> obj [/home/bruno/anaconda3/bin/../x86_64-conda-linux-gnu/sysroot/usr/lib/../lib64/crti.o]
    arg [/home/bruno/anaconda3/bin/../lib/gcc/x86_64-conda-linux-gnu/11.2.0/crtbegin.o] ==> obj [/home/bruno/anaconda3/bin/../lib/gcc/x86_64-conda-linux-gnu/11.2.0/crtbegin.o]
    arg [-L/home/bruno/anaconda3/lib] ==> dir [/home/bruno/anaconda3/lib]
    arg [-L/home/bruno/anaconda3/bin/../lib/gcc/x86_64-conda-linux-gnu/11.2.0] ==> dir [/home/bruno/anaconda3/bin/../lib/gcc/x86_64-conda-linux-gnu/11.2.0]
    arg [-L/home/bruno/anaconda3/bin/../lib/gcc] ==> dir [/home/bruno/anaconda3/bin/../lib/gcc]
    arg [-L/home/bruno/anaconda3/bin/../lib/gcc/x86_64-conda-linux-gnu/11.2.0/../../../../x86_64-conda-linux-gnu/lib/../lib64] ==> dir [/home/bruno/anaconda3/bin/../lib/gcc/x86_64-conda-linux-gnu/11.2.0/../../../../x86_64-conda-linux-gnu/lib/../lib64]
    arg [-L/home/bruno/anaconda3/bin/../x86_64-conda-linux-gnu/sysroot/lib/../lib64] ==> dir [/home/bruno/anaconda3/bin/../x86_64-conda-linux-gnu/sysroot/lib/../lib64]
    arg [-L/home/bruno/anaconda3/bin/../x86_64-conda-linux-gnu/sysroot/usr/lib/../lib64] ==> dir [/home/bruno/anaconda3/bin/../x86_64-conda-linux-gnu/sysroot/usr/lib/../lib64]
    arg [-L/home/bruno/anaconda3/bin/../lib/gcc/x86_64-conda-linux-gnu/11.2.0/../../../../x86_64-conda-linux-gnu/lib] ==> dir [/home/bruno/anaconda3/bin/../lib/gcc/x86_64-conda-linux-gnu/11.2.0/../../../../x86_64-conda-linux-gnu/lib]
    arg [-L/home/bruno/anaconda3/bin/../x86_64-conda-linux-gnu/sysroot/lib] ==> dir [/home/bruno/anaconda3/bin/../x86_64-conda-linux-gnu/sysroot/lib]
    arg [-L/home/bruno/anaconda3/bin/../x86_64-conda-linux-gnu/sysroot/usr/lib] ==> dir [/home/bruno/anaconda3/bin/../x86_64-conda-linux-gnu/sysroot/usr/lib]
    arg [-rpath] ==> ignore
    arg [/home/bruno/anaconda3/lib] ==> ignore
    arg [-O2] ==> ignore
    arg [--sort-common] ==> ignore
    arg [--as-needed] ==> ignore
    arg [-zrelro] ==> ignore
    arg [-znow] ==> ignore
    arg [--disable-new-dtags] ==> ignore
    arg [--gc-sections] ==> ignore
    arg [-rpath] ==> ignore
    arg [/home/bruno/anaconda3/lib] ==> ignore
    arg [-rpath-link] ==> ignore
    arg [/home/bruno/anaconda3/lib] ==> ignore
    arg [CMakeFiles/cmTC_25999.dir/CMakeCCompilerABI.c.o] ==> ignore
    arg [-lgcc] ==> lib [gcc]
    arg [--push-state] ==> ignore
    arg [--as-needed] ==> ignore
    arg [-lgcc_s] ==> lib [gcc_s]
    arg [--pop-state] ==> ignore
    arg [-lc] ==> lib [c]
    arg [-lgcc] ==> lib [gcc]
    arg [--push-state] ==> ignore
    arg [--as-needed] ==> ignore
    arg [-lgcc_s] ==> lib [gcc_s]
    arg [--pop-state] ==> ignore
    arg [/home/bruno/anaconda3/bin/../lib/gcc/x86_64-conda-linux-gnu/11.2.0/crtend.o] ==> obj [/home/bruno/anaconda3/bin/../lib/gcc/x86_64-conda-linux-gnu/11.2.0/crtend.o]
    arg [/home/bruno/anaconda3/bin/../x86_64-conda-linux-gnu/sysroot/usr/lib/../lib64/crtn.o] ==> obj [/home/bruno/anaconda3/bin/../x86_64-conda-linux-gnu/sysroot/usr/lib/../lib64/crtn.o]
  collapse obj [/home/bruno/anaconda3/bin/../x86_64-conda-linux-gnu/sysroot/usr/lib/../lib64/crt1.o] ==> [/home/bruno/anaconda3/x86_64-conda-linux-gnu/sysroot/usr/lib64/crt1.o]
  collapse obj [/home/bruno/anaconda3/bin/../x86_64-conda-linux-gnu/sysroot/usr/lib/../lib64/crti.o] ==> [/home/bruno/anaconda3/x86_64-conda-linux-gnu/sysroot/usr/lib64/crti.o]
  collapse obj [/home/bruno/anaconda3/bin/../lib/gcc/x86_64-conda-linux-gnu/11.2.0/crtbegin.o] ==> [/home/bruno/anaconda3/lib/gcc/x86_64-conda-linux-gnu/11.2.0/crtbegin.o]
  collapse obj [/home/bruno/anaconda3/bin/../lib/gcc/x86_64-conda-linux-gnu/11.2.0/crtend.o] ==> [/home/bruno/anaconda3/lib/gcc/x86_64-conda-linux-gnu/11.2.0/crtend.o]
  collapse obj [/home/bruno/anaconda3/bin/../x86_64-conda-linux-gnu/sysroot/usr/lib/../lib64/crtn.o] ==> [/home/bruno/anaconda3/x86_64-conda-linux-gnu/sysroot/usr/lib64/crtn.o]
  collapse library dir [/home/bruno/anaconda3/lib] ==> [/home/bruno/anaconda3/lib]
  collapse library dir [/home/bruno/anaconda3/bin/../lib/gcc/x86_64-conda-linux-gnu/11.2.0] ==> [/home/bruno/anaconda3/lib/gcc/x86_64-conda-linux-gnu/11.2.0]
  collapse library dir [/home/bruno/anaconda3/bin/../lib/gcc] ==> [/home/bruno/anaconda3/lib/gcc]
  collapse library dir [/home/bruno/anaconda3/bin/../lib/gcc/x86_64-conda-linux-gnu/11.2.0/../../../../x86_64-conda-linux-gnu/lib/../lib64] ==> [/home/bruno/anaconda3/x86_64-conda-linux-gnu/lib64]
  collapse library dir [/home/bruno/anaconda3/bin/../x86_64-conda-linux-gnu/sysroot/lib/../lib64] ==> [/home/bruno/anaconda3/x86_64-conda-linux-gnu/sysroot/lib64]
  collapse library dir [/home/bruno/anaconda3/bin/../x86_64-conda-linux-gnu/sysroot/usr/lib/../lib64] ==> [/home/bruno/anaconda3/x86_64-conda-linux-gnu/sysroot/usr/lib64]
  collapse library dir [/home/bruno/anaconda3/bin/../lib/gcc/x86_64-conda-linux-gnu/11.2.0/../../../../x86_64-conda-linux-gnu/lib] ==> [/home/bruno/anaconda3/x86_64-conda-linux-gnu/lib]
  collapse library dir [/home/bruno/anaconda3/bin/../x86_64-conda-linux-gnu/sysroot/lib] ==> [/home/bruno/anaconda3/x86_64-conda-linux-gnu/sysroot/lib]
  collapse library dir [/home/bruno/anaconda3/bin/../x86_64-conda-linux-gnu/sysroot/usr/lib] ==> [/home/bruno/anaconda3/x86_64-conda-linux-gnu/sysroot/usr/lib]
  implicit libs: [gcc;gcc_s;c;gcc;gcc_s]
  implicit objs: [/home/bruno/anaconda3/x86_64-conda-linux-gnu/sysroot/usr/lib64/crt1.o;/home/bruno/anaconda3/x86_64-conda-linux-gnu/sysroot/usr/lib64/crti.o;/home/bruno/anaconda3/lib/gcc/x86_64-conda-linux-gnu/11.2.0/crtbegin.o;/home/bruno/anaconda3/lib/gcc/x86_64-conda-linux-gnu/11.2.0/crtend.o;/home/bruno/anaconda3/x86_64-conda-linux-gnu/sysroot/usr/lib64/crtn.o]
  implicit dirs: [/home/bruno/anaconda3/lib;/home/bruno/anaconda3/lib/gcc/x86_64-conda-linux-gnu/11.2.0;/home/bruno/anaconda3/lib/gcc;/home/bruno/anaconda3/x86_64-conda-linux-gnu/lib64;/home/bruno/anaconda3/x86_64-conda-linux-gnu/sysroot/lib64;/home/bruno/anaconda3/x86_64-conda-linux-gnu/sysroot/usr/lib64;/home/bruno/anaconda3/x86_64-conda-linux-gnu/lib;/home/bruno/anaconda3/x86_64-conda-linux-gnu/sysroot/lib;/home/bruno/anaconda3/x86_64-conda-linux-gnu/sysroot/usr/lib]
  implicit fwks: []


Compiling the CXX compiler identification source file "CMakeCXXCompilerId.cpp" succeeded.
Compiler: /home/bruno/anaconda3/bin/x86_64-conda-linux-gnu-c++ 
Build flags: -fvisibility-inlines-hidden;-std=c++17;-fmessage-length=0;-march=nocona;-mtune=haswell;-ftree-vectorize;-fPIC;-fstack-protector-strong;-fno-plt;-O2;-ffunction-sections;-pipe;-isystem;/home/bruno/anaconda3/include
Id flags:  

The output was:
0


Compilation of the CXX compiler identification source "CMakeCXXCompilerId.cpp" produced "a.out"

The CXX compiler identification is GNU, found in "/home/bruno/Documents/internhsip/tileDataType/build/CMakeFiles/3.22.5/CompilerIdCXX/a.out"

Determining if the CXX compiler works passed with the following output:
Change Dir: /home/bruno/Documents/internhsip/tileDataType/build/CMakeFiles/CMakeTmp

Run Build Command(s):/usr/bin/gmake -f Makefile cmTC_6a1d5/fast && /usr/bin/gmake  -f CMakeFiles/cmTC_6a1d5.dir/build.make CMakeFiles/cmTC_6a1d5.dir/build
gmake[1]: Entering directory '/home/bruno/Documents/internhsip/tileDataType/build/CMakeFiles/CMakeTmp'
Building CXX object CMakeFiles/cmTC_6a1d5.dir/testCXXCompiler.cxx.o
/home/bruno/anaconda3/bin/x86_64-conda-linux-gnu-c++   -fvisibility-inlines-hidden -std=c++17 -fmessage-length=0 -march=nocona -mtune=haswell -ftree-vectorize -fPIC -fstack-protector-strong -fno-plt -O2 -ffunction-sections -pipe -isystem /home/bruno/anaconda3/include  -std=c++17 -o CMakeFiles/cmTC_6a1d5.dir/testCXXCompiler.cxx.o -c /home/bruno/Documents/internhsip/tileDataType/build/CMakeFiles/CMakeTmp/testCXXCompiler.cxx
Linking CXX executable cmTC_6a1d5
/home/bruno/anaconda3/lib/python3.9/site-packages/cmake/data/bin/cmake -E cmake_link_script CMakeFiles/cmTC_6a1d5.dir/link.txt --verbose=1
/home/bruno/anaconda3/bin/x86_64-conda-linux-gnu-c++ -fvisibility-inlines-hidden -std=c++17 -fmessage-length=0 -march=nocona -mtune=haswell -ftree-vectorize -fPIC -fstack-protector-strong -fno-plt -O2 -ffunction-sections -pipe -isystem /home/bruno/anaconda3/include  -Wl,-O2 -Wl,--sort-common -Wl,--as-needed -Wl,-z,relro -Wl,-z,now -Wl,--disable-new-dtags -Wl,--gc-sections -Wl,-rpath,/home/bruno/anaconda3/lib -Wl,-rpath-link,/home/bruno/anaconda3/lib -L/home/bruno/anaconda3/lib  CMakeFiles/cmTC_6a1d5.dir/testCXXCompiler.cxx.o -o cmTC_6a1d5 
gmake[1]: Leaving directory '/home/bruno/Documents/internhsip/tileDataType/build/CMakeFiles/CMakeTmp'



